
Model Summary:
Model: "sequential"
+--------------------------------------------------------------------------+
| Layer (type)                    | Output Shape           |       Param # |
|---------------------------------+------------------------+---------------|
| conv2d (Conv2D)                 | (None, 148, 148, 32)   |           896 |
|---------------------------------+------------------------+---------------|
| max_pooling2d (MaxPooling2D)    | (None, 74, 74, 32)     |             0 |
|---------------------------------+------------------------+---------------|
| conv2d_1 (Conv2D)               | (None, 72, 72, 64)     |        18,496 |
|---------------------------------+------------------------+---------------|
| max_pooling2d_1 (MaxPooling2D)  | (None, 36, 36, 64)     |             0 |
|---------------------------------+------------------------+---------------|
| conv2d_2 (Conv2D)               | (None, 34, 34, 128)    |        73,856 |
|---------------------------------+------------------------+---------------|
| max_pooling2d_2 (MaxPooling2D)  | (None, 17, 17, 128)    |             0 |
|---------------------------------+------------------------+---------------|
| flatten (Flatten)               | (None, 36992)          |             0 |
|---------------------------------+------------------------+---------------|
| dense (Dense)                   | (None, 128)            |     4,735,104 |
|---------------------------------+------------------------+---------------|
| dense_1 (Dense)                 | (None, 5)              |           645 |
+--------------------------------------------------------------------------+
 Total params: 14,486,993 (55.26 MB)
 Trainable params: 4,828,997 (18.42 MB)
 Non-trainable params: 0 (0.00 B)
 Optimizer params: 9,657,996 (36.84 MB)


Evaluation:
Accuracy: 0.7907
Precision: 0.7930
Recall: 0.7898
F1-score: 0.7892

Classification Report per Class:
              precision    recall  f1-score   support

       daisy       0.87      0.72      0.79       109
   dandelion       0.83      0.84      0.84       152
        rose       0.70      0.76      0.73       115
   sunflower       0.78      0.88      0.83       109
       tulip       0.78      0.74      0.76       141

    accuracy                           0.79       626
   macro avg       0.79      0.79      0.79       626
weighted avg       0.79      0.79      0.79       626
